0 info it worked if it ends with ok
1 verbose cli [ 'C:\\Program Files (x86)\\nodejs\\node.exe',
1 verbose cli   'C:\\Users\\dresl\\AppData\\Roaming\\npm\\node_modules\\npm\\bin\\npm-cli.js',
1 verbose cli   'install',
1 verbose cli   'angular',
1 verbose cli   'uirouter',
1 verbose cli   'angular-mocks',
1 verbose cli   '--save-dev' ]
2 info using npm@3.10.7
3 info using node@v4.5.0
4 silly loadCurrentTree Starting
5 silly install loadCurrentTree
6 silly install readLocalPackageData
7 silly fetchPackageMetaData angular@^1.6.4
8 silly fetchPackageMetaData uirouter
9 silly fetchPackageMetaData angular-mocks@^1.6.4
10 silly fetchNamedPackageData angular
11 silly mapToRegistry name angular
12 silly mapToRegistry using default registry
13 silly mapToRegistry registry https://registry.npmjs.org/
14 silly mapToRegistry data Result {
14 silly mapToRegistry   raw: 'angular',
14 silly mapToRegistry   scope: null,
14 silly mapToRegistry   escapedName: 'angular',
14 silly mapToRegistry   name: 'angular',
14 silly mapToRegistry   rawSpec: '',
14 silly mapToRegistry   spec: 'latest',
14 silly mapToRegistry   type: 'tag' }
15 silly mapToRegistry uri https://registry.npmjs.org/angular
16 silly fetchNamedPackageData angular-mocks
17 silly mapToRegistry name angular-mocks
18 silly mapToRegistry using default registry
19 silly mapToRegistry registry https://registry.npmjs.org/
20 silly mapToRegistry data Result {
20 silly mapToRegistry   raw: 'angular-mocks',
20 silly mapToRegistry   scope: null,
20 silly mapToRegistry   escapedName: 'angular-mocks',
20 silly mapToRegistry   name: 'angular-mocks',
20 silly mapToRegistry   rawSpec: '',
20 silly mapToRegistry   spec: 'latest',
20 silly mapToRegistry   type: 'tag' }
21 silly mapToRegistry uri https://registry.npmjs.org/angular-mocks
22 silly fetchNamedPackageData uirouter
23 silly mapToRegistry name uirouter
24 silly mapToRegistry using default registry
25 silly mapToRegistry registry https://registry.npmjs.org/
26 silly mapToRegistry data Result {
26 silly mapToRegistry   raw: 'uirouter',
26 silly mapToRegistry   scope: null,
26 silly mapToRegistry   escapedName: 'uirouter',
26 silly mapToRegistry   name: 'uirouter',
26 silly mapToRegistry   rawSpec: '',
26 silly mapToRegistry   spec: 'latest',
26 silly mapToRegistry   type: 'tag' }
27 silly mapToRegistry uri https://registry.npmjs.org/uirouter
28 verbose request uri https://registry.npmjs.org/uirouter
29 verbose request no auth needed
30 info attempt registry request try #1 at 07:04:03
31 verbose request id 9aafd873e4fcea04
32 http request GET https://registry.npmjs.org/uirouter
33 verbose request uri https://registry.npmjs.org/angular-mocks
34 verbose request no auth needed
35 info attempt registry request try #1 at 07:04:03
36 verbose etag W/"58de2258-1968a"
37 verbose lastModified Fri, 31 Mar 2017 09:33:12 GMT
38 http request GET https://registry.npmjs.org/angular-mocks
39 verbose request uri https://registry.npmjs.org/angular
40 verbose request no auth needed
41 info attempt registry request try #1 at 07:04:03
42 verbose etag W/"593fbb5a-24b43"
43 verbose lastModified Tue, 13 Jun 2017 10:15:54 GMT
44 http request GET https://registry.npmjs.org/angular
45 http 304 https://registry.npmjs.org/angular-mocks
46 verbose headers { date: 'Fri, 16 Jun 2017 05:04:02 GMT',
46 verbose headers   via: '1.1 varnish',
46 verbose headers   'cache-control': 'max-age=300',
46 verbose headers   etag: 'W/"58de2258-1968a"',
46 verbose headers   age: '261',
46 verbose headers   connection: 'keep-alive',
46 verbose headers   'x-served-by': 'cache-hhn1531-HHN',
46 verbose headers   'x-cache': 'HIT',
46 verbose headers   'x-cache-hits': '65',
46 verbose headers   'x-timer': 'S1497589442.460677,VS0,VE0',
46 verbose headers   vary: 'Accept-Encoding' }
47 silly get cb [ 304,
47 silly get   { date: 'Fri, 16 Jun 2017 05:04:02 GMT',
47 silly get     via: '1.1 varnish',
47 silly get     'cache-control': 'max-age=300',
47 silly get     etag: 'W/"58de2258-1968a"',
47 silly get     age: '261',
47 silly get     connection: 'keep-alive',
47 silly get     'x-served-by': 'cache-hhn1531-HHN',
47 silly get     'x-cache': 'HIT',
47 silly get     'x-cache-hits': '65',
47 silly get     'x-timer': 'S1497589442.460677,VS0,VE0',
47 silly get     vary: 'Accept-Encoding' } ]
48 verbose etag https://registry.npmjs.org/angular-mocks from cache
49 verbose get saving angular-mocks to C:\Users\dresl\AppData\Roaming\npm-cache\registry.npmjs.org\angular-mocks\.cache.json
50 verbose correctMkdir C:\Users\dresl\AppData\Roaming\npm-cache correctMkdir not in flight; initializing
51 http 304 https://registry.npmjs.org/angular
52 verbose headers { date: 'Fri, 16 Jun 2017 05:04:02 GMT',
52 verbose headers   via: '1.1 varnish',
52 verbose headers   'cache-control': 'max-age=300',
52 verbose headers   etag: 'W/"593fbb5a-24b43"',
52 verbose headers   age: '266',
52 verbose headers   connection: 'keep-alive',
52 verbose headers   'x-served-by': 'cache-hhn1533-HHN',
52 verbose headers   'x-cache': 'HIT',
52 verbose headers   'x-cache-hits': '1',
52 verbose headers   'x-timer': 'S1497589442.460247,VS0,VE0',
52 verbose headers   vary: 'Accept-Encoding' }
53 silly get cb [ 304,
53 silly get   { date: 'Fri, 16 Jun 2017 05:04:02 GMT',
53 silly get     via: '1.1 varnish',
53 silly get     'cache-control': 'max-age=300',
53 silly get     etag: 'W/"593fbb5a-24b43"',
53 silly get     age: '266',
53 silly get     connection: 'keep-alive',
53 silly get     'x-served-by': 'cache-hhn1533-HHN',
53 silly get     'x-cache': 'HIT',
53 silly get     'x-cache-hits': '1',
53 silly get     'x-timer': 'S1497589442.460247,VS0,VE0',
53 silly get     vary: 'Accept-Encoding' } ]
54 verbose etag https://registry.npmjs.org/angular from cache
55 verbose get saving angular to C:\Users\dresl\AppData\Roaming\npm-cache\registry.npmjs.org\angular\.cache.json
56 verbose correctMkdir C:\Users\dresl\AppData\Roaming\npm-cache correctMkdir already in flight; waiting
57 http 200 https://registry.npmjs.org/uirouter
58 verbose headers { server: 'nginx/1.10.1',
58 verbose headers   'content-type': 'application/json',
58 verbose headers   'last-modified': 'Sat, 20 Dec 2014 20:58:49 GMT',
58 verbose headers   etag: 'W/"5495e309-189"',
58 verbose headers   'content-encoding': 'gzip',
58 verbose headers   'cache-control': 'max-age=300',
58 verbose headers   'content-length': '242',
58 verbose headers   'accept-ranges': 'bytes',
58 verbose headers   date: 'Fri, 16 Jun 2017 05:04:02 GMT',
58 verbose headers   via: '1.1 varnish',
58 verbose headers   age: '0',
58 verbose headers   connection: 'keep-alive',
58 verbose headers   'x-served-by': 'cache-hhn1550-HHN',
58 verbose headers   'x-cache': 'MISS',
58 verbose headers   'x-cache-hits': '0',
58 verbose headers   'x-timer': 'S1497589442.465815,VS0,VE48',
58 verbose headers   vary: 'Accept-Encoding' }
59 silly get cb [ 200,
59 silly get   { server: 'nginx/1.10.1',
59 silly get     'content-type': 'application/json',
59 silly get     'last-modified': 'Sat, 20 Dec 2014 20:58:49 GMT',
59 silly get     etag: 'W/"5495e309-189"',
59 silly get     'content-encoding': 'gzip',
59 silly get     'cache-control': 'max-age=300',
59 silly get     'content-length': '242',
59 silly get     'accept-ranges': 'bytes',
59 silly get     date: 'Fri, 16 Jun 2017 05:04:02 GMT',
59 silly get     via: '1.1 varnish',
59 silly get     age: '0',
59 silly get     connection: 'keep-alive',
59 silly get     'x-served-by': 'cache-hhn1550-HHN',
59 silly get     'x-cache': 'MISS',
59 silly get     'x-cache-hits': '0',
59 silly get     'x-timer': 'S1497589442.465815,VS0,VE48',
59 silly get     vary: 'Accept-Encoding' } ]
60 verbose get saving uirouter to C:\Users\dresl\AppData\Roaming\npm-cache\registry.npmjs.org\uirouter\.cache.json
61 verbose correctMkdir C:\Users\dresl\AppData\Roaming\npm-cache correctMkdir not in flight; initializing
62 verbose stack TypeError: Cannot convert undefined or null to object
62 verbose stack     at Function.keys (native)
62 verbose stack     at pickVersionFromRegistryDocument (C:\Users\dresl\AppData\Roaming\npm\node_modules\npm\lib\fetch-package-metadata.js:125:29)
62 verbose stack     at C:\Users\dresl\AppData\Roaming\npm\node_modules\npm\node_modules\iferr\index.js:13:50
62 verbose stack     at C:\Users\dresl\AppData\Roaming\npm\node_modules\npm\lib\utils\pulse-till-done.js:20:8
62 verbose stack     at saved (C:\Users\dresl\AppData\Roaming\npm\node_modules\npm\lib\cache\caching-client.js:174:7)
62 verbose stack     at C:\Users\dresl\AppData\Roaming\npm\node_modules\npm\node_modules\graceful-fs\polyfills.js:233:15
62 verbose stack     at FSReqWrap.oncomplete (fs.js:82:15)
63 verbose cwd C:\Users\dresl\Desktop\Kickle\KickleFrontend
64 error Windows_NT 10.0.15063
65 error argv "C:\\Program Files (x86)\\nodejs\\node.exe" "C:\\Users\\dresl\\AppData\\Roaming\\npm\\node_modules\\npm\\bin\\npm-cli.js" "install" "angular" "uirouter" "angular-mocks" "--save-dev"
66 error node v4.5.0
67 error npm  v3.10.7
68 error Cannot convert undefined or null to object
69 error If you need help, you may report this error at:
69 error     <https://github.com/npm/npm/issues>
70 verbose exit [ 1, true ]
